\BOOKMARK [1][-]{section.1}{\376\377\000I\000n\000t\000r\000o\000d\000u\000c\000t\000i\000o\000n}{}% 1
\BOOKMARK [2][-]{subsection.1.1}{\376\377\000M\000o\000t\000i\000v\000a\000t\000i\000o\000n\000s}{section.1}% 2
\BOOKMARK [3][-]{subsubsection.1.1.1}{\376\377\000S\000e\000a\000r\000c\000h\000a\000b\000l\000e\000\040\000E\000n\000c\000r\000y\000p\000t\000i\000o\000n}{subsection.1.1}% 3
\BOOKMARK [2][-]{subsection.1.2}{\376\377\000C\000o\000n\000t\000r\000i\000b\000u\000t\000i\000o\000n\000s}{section.1}% 4
\BOOKMARK [2][-]{subsection.1.3}{\376\377\000T\000h\000i\000s\000\040\000T\000h\000e\000s\000i\000s}{section.1}% 5
\BOOKMARK [1][-]{section.2}{\376\377\000C\000r\000y\000p\000t\000o\000g\000r\000a\000p\000h\000y}{}% 6
\BOOKMARK [2][-]{subsection.2.1}{\376\377\000S\000t\000r\000e\000a\000m\000\040\000C\000i\000p\000h\000e\000r}{section.2}% 7
\BOOKMARK [2][-]{subsection.2.2}{\376\377\000B\000l\000o\000c\000k\000\040\000C\000i\000p\000h\000e\000r}{section.2}% 8
\BOOKMARK [2][-]{subsection.2.3}{\376\377\000O\000t\000h\000e\000r\000\040\000C\000i\000p\000h\000e\000r\000s}{section.2}% 9
\BOOKMARK [1][-]{section.3}{\376\377\000S\000y\000s\000t\000e\000m\000\040\000M\000o\000d\000e\000l}{}% 10
\BOOKMARK [2][-]{subsection.3.1}{\376\377\000P\000r\000e\000l\000i\000m\000i\000n\000a\000r\000i\000e\000s\000\040\000a\000n\000d\000\040\000N\000o\000t\000a\000t\000i\000o\000n\000s}{section.3}% 11
\BOOKMARK [2][-]{subsection.3.2}{\376\377\000O\000v\000e\000r\000v\000i\000e\000w}{section.3}% 12
\BOOKMARK [2][-]{subsection.3.3}{\376\377\000F\000u\000n\000c\000t\000i\000o\000n\000s\000\040\000a\000n\000d\000\040\000C\000h\000a\000r\000a\000c\000t\000e\000r\000i\000s\000t\000i\000c\000s}{section.3}% 13
\BOOKMARK [1][-]{section.4}{\376\377\000C\000o\000n\000s\000t\000r\000u\000c\000t\000i\000o\000n}{}% 14
\BOOKMARK [2][-]{subsection.4.1}{\376\377\000V\000i\000d\000e\000o\000\040\000P\000r\000e\000p\000r\000o\000c\000e\000s\000s}{section.4}% 15
\BOOKMARK [3][-]{subsubsection.4.1.1}{\376\377\000F\000r\000a\000m\000e\000w\000o\000r\000k}{subsection.4.1}% 16
\BOOKMARK [3][-]{subsubsection.4.1.2}{\376\377\000A\000l\000g\000o\000r\000i\000t\000h\000m\000s}{subsection.4.1}% 17
\BOOKMARK [2][-]{subsection.4.2}{\376\377\000F\000i\000r\000s\000t\000-\000s\000t\000e\000p\000\040\000D\000y\000n\000a\000m\000i\000c\000\040\000K\000e\000y\000w\000o\000r\000d\000\040\000S\000e\000a\000r\000c\000h}{section.4}% 18
\BOOKMARK [3][-]{subsubsection.4.2.1}{\376\377\000F\000r\000a\000m\000e\000w\000o\000r\000k}{subsection.4.2}% 19
\BOOKMARK [3][-]{subsubsection.4.2.2}{\376\377\000A\000l\000g\000o\000r\000i\000t\000h\000m\000s}{subsection.4.2}% 20
\BOOKMARK [2][-]{subsection.4.3}{\376\377\000S\000e\000c\000o\000n\000d\000-\000s\000t\000e\000p\000\040\000S\000i\000m\000i\000l\000a\000r\000i\000t\000y\000\040\000S\000e\000a\000r\000c\000h}{section.4}% 21
\BOOKMARK [3][-]{subsubsection.4.3.1}{\376\377\000F\000r\000a\000m\000e\000w\000o\000r\000k}{subsection.4.3}% 22
\BOOKMARK [3][-]{subsubsection.4.3.2}{\376\377\000A\000l\000g\000o\000r\000i\000t\000h\000m\000s}{subsection.4.3}% 23
\BOOKMARK [1][-]{section.5}{\376\377\000I\000m\000p\000l\000e\000m\000e\000n\000t\000a\000t\000i\000o\000n}{}% 24
\BOOKMARK [2][-]{subsection.5.1}{\376\377\000E\000n\000v\000i\000r\000o\000n\000m\000e\000n\000t}{section.5}% 25
\BOOKMARK [2][-]{subsection.5.2}{\376\377\000R\000e\000s\000u\000l\000t\000s}{section.5}% 26
\BOOKMARK [1][-]{section.6}{\376\377\000C\000o\000n\000c\000l\000u\000s\000i\000o\000n\000s\000\040\000a\000n\000d\000\040\000O\000u\000t\000l\000o\000o\000k\000\040}{}% 27
\BOOKMARK [2][-]{subsection.6.1}{\376\377\000C\000o\000n\000c\000l\000u\000s\000i\000o\000n\000s}{section.6}% 28
\BOOKMARK [2][-]{subsection.6.2}{\376\377\000R\000e\000f\000l\000e\000c\000t\000i\000o\000n\000\040\000a\000n\000d\000\040\000O\000u\000t\000l\000o\000o\000k}{section.6}% 29
\BOOKMARK [1][-]{subsection.6.2}{\376\377\000R\000e\000f\000e\000r\000e\000n\000c\000e\000s}{}% 30
\BOOKMARK [1][-]{subsection.6.2}{\376\377\000A\000c\000k\000n\000o\000w\000l\000e\000d\000g\000e\000m\000e\000n\000t}{}% 31
\BOOKMARK [1][-]{subsection.6.2}{\376\377\000A\000c\000h\000i\000e\000v\000e\000m\000e\000n\000t\000s}{}% 32
